<?xml version="1.0" encoding="UTF-8"?>
<testng-results skipped="0" failed="1" ignored="0" total="7" passed="6">
  <reporter-output>
  </reporter-output>
  <suite name="Flipkart Test Suite" duration-ms="101268" started-at="2020-04-27T18:06:19Z" finished-at="2020-04-27T18:08:00Z">
    <groups>
    </groups>
    <test name="Flipkart Tests" duration-ms="101268" started-at="2020-04-27T18:06:19Z" finished-at="2020-04-27T18:08:00Z">
      <class name="com.flipkart.tests.ViewCartPageTest">
        <test-method status="PASS" signature="setUp()[pri:0, instance:com.flipkart.tests.ViewCartPageTest@3cda1055]" name="setUp" is-config="true" duration-ms="19629" started-at="2020-04-27T23:37:17Z" finished-at="2020-04-27T23:37:37Z">
          <reporter-output>
          </reporter-output>
        </test-method> <!-- setUp -->
        <test-method status="PASS" signature="removeProductTest()[pri:1, instance:com.flipkart.tests.ViewCartPageTest@3cda1055]" name="removeProductTest" duration-ms="334" started-at="2020-04-27T23:37:37Z" finished-at="2020-04-27T23:37:37Z">
          <reporter-output>
          </reporter-output>
        </test-method> <!-- removeProductTest -->
        <test-method status="PASS" signature="tearDown()[pri:0, instance:com.flipkart.tests.ViewCartPageTest@3cda1055]" name="tearDown" is-config="true" duration-ms="94" started-at="2020-04-27T23:37:37Z" finished-at="2020-04-27T23:37:37Z">
          <reporter-output>
          </reporter-output>
        </test-method> <!-- tearDown -->
      </class> <!-- com.flipkart.tests.ViewCartPageTest -->
      <class name="com.flipkart.tests.AddtocartPageTest">
        <test-method status="PASS" signature="setUp()[pri:0, instance:com.flipkart.tests.AddtocartPageTest@668bc3d5]" name="setUp" is-config="true" duration-ms="14301" started-at="2020-04-27T23:36:57Z" finished-at="2020-04-27T23:37:11Z">
          <reporter-output>
          </reporter-output>
        </test-method> <!-- setUp -->
        <test-method status="PASS" signature="addToCartTest()[pri:1, instance:com.flipkart.tests.AddtocartPageTest@668bc3d5]" name="addToCartTest" duration-ms="5731" started-at="2020-04-27T23:37:11Z" finished-at="2020-04-27T23:37:17Z">
          <reporter-output>
          </reporter-output>
        </test-method> <!-- addToCartTest -->
        <test-method status="PASS" signature="tearDown()[pri:0, instance:com.flipkart.tests.AddtocartPageTest@668bc3d5]" name="tearDown" is-config="true" duration-ms="136" started-at="2020-04-27T23:37:17Z" finished-at="2020-04-27T23:37:17Z">
          <reporter-output>
          </reporter-output>
        </test-method> <!-- tearDown -->
      </class> <!-- com.flipkart.tests.AddtocartPageTest -->
      <class name="com.flipkart.tests.SearchProductTest">
        <test-method status="PASS" signature="setUp()[pri:0, instance:com.flipkart.tests.SearchProductTest@380fb434]" name="setUp" is-config="true" duration-ms="10735" started-at="2020-04-27T23:36:43Z" finished-at="2020-04-27T23:36:53Z">
          <reporter-output>
          </reporter-output>
        </test-method> <!-- setUp -->
        <test-method status="PASS" signature="clickOnProductTest()[pri:1, instance:com.flipkart.tests.SearchProductTest@380fb434]" name="clickOnProductTest" duration-ms="3310" started-at="2020-04-27T23:36:53Z" finished-at="2020-04-27T23:36:57Z">
          <reporter-output>
          </reporter-output>
        </test-method> <!-- clickOnProductTest -->
        <test-method status="PASS" signature="tearDown()[pri:0, instance:com.flipkart.tests.SearchProductTest@380fb434]" name="tearDown" is-config="true" duration-ms="157" started-at="2020-04-27T23:36:57Z" finished-at="2020-04-27T23:36:57Z">
          <reporter-output>
          </reporter-output>
        </test-method> <!-- tearDown -->
      </class> <!-- com.flipkart.tests.SearchProductTest -->
      <class name="com.flipkart.tests.homePageTest">
        <test-method status="PASS" signature="setUp()[pri:0, instance:com.flipkart.tests.homePageTest@21bcffb5]" name="setUp" is-config="true" duration-ms="7512" started-at="2020-04-27T23:36:35Z" finished-at="2020-04-27T23:36:43Z">
          <reporter-output>
          </reporter-output>
        </test-method> <!-- setUp -->
        <test-method status="PASS" signature="homePageTitleTest()[pri:1, instance:com.flipkart.tests.homePageTest@21bcffb5]" name="homePageTitleTest" duration-ms="26" started-at="2020-04-27T23:36:43Z" finished-at="2020-04-27T23:36:43Z">
          <reporter-output>
          </reporter-output>
        </test-method> <!-- homePageTitleTest -->
        <test-method status="PASS" signature="tearDown()[pri:0, instance:com.flipkart.tests.homePageTest@21bcffb5]" name="tearDown" is-config="true" duration-ms="135" started-at="2020-04-27T23:36:43Z" finished-at="2020-04-27T23:36:43Z">
          <reporter-output>
          </reporter-output>
        </test-method> <!-- tearDown -->
        <test-method status="PASS" signature="setUp()[pri:0, instance:com.flipkart.tests.homePageTest@21bcffb5]" name="setUp" is-config="true" duration-ms="7115" started-at="2020-04-27T23:37:37Z" finished-at="2020-04-27T23:37:44Z">
          <reporter-output>
          </reporter-output>
        </test-method> <!-- setUp -->
        <test-method status="PASS" signature="searchProductTest()[pri:2, instance:com.flipkart.tests.homePageTest@21bcffb5]" name="searchProductTest" duration-ms="3409" started-at="2020-04-27T23:37:44Z" finished-at="2020-04-27T23:37:48Z">
          <reporter-output>
          </reporter-output>
        </test-method> <!-- searchProductTest -->
        <test-method status="PASS" signature="tearDown()[pri:0, instance:com.flipkart.tests.homePageTest@21bcffb5]" name="tearDown" is-config="true" duration-ms="78" started-at="2020-04-27T23:37:48Z" finished-at="2020-04-27T23:37:48Z">
          <reporter-output>
          </reporter-output>
        </test-method> <!-- tearDown -->
        <test-method status="PASS" signature="setUp()[pri:0, instance:com.flipkart.tests.homePageTest@21bcffb5]" name="setUp" is-config="true" duration-ms="7114" started-at="2020-04-27T23:37:48Z" finished-at="2020-04-27T23:37:55Z">
          <reporter-output>
          </reporter-output>
        </test-method> <!-- setUp -->
        <test-method status="FAIL" signature="logoutTest()[pri:3, instance:com.flipkart.tests.homePageTest@21bcffb5]" name="logoutTest" duration-ms="5254" started-at="2020-04-27T23:37:55Z" finished-at="2020-04-27T23:38:00Z">
          <exception class="org.openqa.selenium.StaleElementReferenceException">
            <message>
              <![CDATA[stale element reference: element is not attached to the page document
  (Session info: chrome=65.0.3325.181)
  (Driver info: chromedriver=2.36.540471 (9c759b81a907e70363c6312294d30b6ccccc2752),platform=Linux 3.19.0-80-generic x86_64) (WARNING: The server did not provide any stacktrace information)
Command duration or timeout: 0 milliseconds
For documentation on this error, please visit: http://seleniumhq.org/exceptions/stale_element_reference.html
Build info: version: '3.7.1', revision: '8a0099a', time: '2017-11-06T21:01:39.354Z'
System info: host: 'gaurav-Inspiron-3521', ip: '127.0.1.1', os.name: 'Linux', os.arch: 'amd64', os.version: '3.19.0-80-generic', java.version: '1.8.0_161'
Driver info: org.openqa.selenium.chrome.ChromeDriver
Capabilities {acceptInsecureCerts: false, acceptSslCerts: false, applicationCacheEnabled: false, browserConnectionEnabled: false, browserName: chrome, chrome: {chromedriverVersion: 2.36.540471 (9c759b81a907e7..., userDataDir: /tmp/.org.chromium.Chromium...}, cssSelectorsEnabled: true, databaseEnabled: false, handlesAlerts: true, hasTouchScreen: false, javascriptEnabled: true, locationContextEnabled: true, mobileEmulationEnabled: false, nativeEvents: true, networkConnectionEnabled: false, pageLoadStrategy: normal, platform: LINUX, platformName: LINUX, rotatable: false, setWindowRect: true, takesHeapSnapshot: true, takesScreenshot: true, unexpectedAlertBehaviour: , unhandledPromptBehavior: , version: 65.0.3325.181, webStorageEnabled: true}
Session ID: 1ba1079315cdd9c85d352ca3c35e5cfa]]>
            </message>
            <full-stacktrace>
              <![CDATA[org.openqa.selenium.StaleElementReferenceException: stale element reference: element is not attached to the page document
  (Session info: chrome=65.0.3325.181)
  (Driver info: chromedriver=2.36.540471 (9c759b81a907e70363c6312294d30b6ccccc2752),platform=Linux 3.19.0-80-generic x86_64) (WARNING: The server did not provide any stacktrace information)
Command duration or timeout: 0 milliseconds
For documentation on this error, please visit: http://seleniumhq.org/exceptions/stale_element_reference.html
Build info: version: '3.7.1', revision: '8a0099a', time: '2017-11-06T21:01:39.354Z'
System info: host: 'gaurav-Inspiron-3521', ip: '127.0.1.1', os.name: 'Linux', os.arch: 'amd64', os.version: '3.19.0-80-generic', java.version: '1.8.0_161'
Driver info: org.openqa.selenium.chrome.ChromeDriver
Capabilities {acceptInsecureCerts: false, acceptSslCerts: false, applicationCacheEnabled: false, browserConnectionEnabled: false, browserName: chrome, chrome: {chromedriverVersion: 2.36.540471 (9c759b81a907e7..., userDataDir: /tmp/.org.chromium.Chromium...}, cssSelectorsEnabled: true, databaseEnabled: false, handlesAlerts: true, hasTouchScreen: false, javascriptEnabled: true, locationContextEnabled: true, mobileEmulationEnabled: false, nativeEvents: true, networkConnectionEnabled: false, pageLoadStrategy: normal, platform: LINUX, platformName: LINUX, rotatable: false, setWindowRect: true, takesHeapSnapshot: true, takesScreenshot: true, unexpectedAlertBehaviour: , unhandledPromptBehavior: , version: 65.0.3325.181, webStorageEnabled: true}
Session ID: 1ba1079315cdd9c85d352ca3c35e5cfa
	at sun.reflect.NativeConstructorAccessorImpl.newInstance0(Native Method)
	at sun.reflect.NativeConstructorAccessorImpl.newInstance(NativeConstructorAccessorImpl.java:62)
	at sun.reflect.DelegatingConstructorAccessorImpl.newInstance(DelegatingConstructorAccessorImpl.java:45)
	at java.lang.reflect.Constructor.newInstance(Constructor.java:423)
	at org.openqa.selenium.remote.ErrorHandler.createThrowable(ErrorHandler.java:214)
	at org.openqa.selenium.remote.ErrorHandler.throwIfResponseFailed(ErrorHandler.java:166)
	at org.openqa.selenium.remote.http.JsonHttpResponseCodec.reconstructValue(JsonHttpResponseCodec.java:40)
	at org.openqa.selenium.remote.http.AbstractHttpResponseCodec.decode(AbstractHttpResponseCodec.java:80)
	at org.openqa.selenium.remote.http.AbstractHttpResponseCodec.decode(AbstractHttpResponseCodec.java:44)
	at org.openqa.selenium.remote.HttpCommandExecutor.execute(HttpCommandExecutor.java:164)
	at org.openqa.selenium.remote.service.DriverCommandExecutor.execute(DriverCommandExecutor.java:83)
	at org.openqa.selenium.remote.RemoteWebDriver.execute(RemoteWebDriver.java:600)
	at org.openqa.selenium.remote.RemoteWebElement.execute(RemoteWebElement.java:279)
	at org.openqa.selenium.remote.RemoteWebElement.click(RemoteWebElement.java:83)
	at sun.reflect.GeneratedMethodAccessor1.invoke(Unknown Source)
	at sun.reflect.DelegatingMethodAccessorImpl.invoke(DelegatingMethodAccessorImpl.java:43)
	at java.lang.reflect.Method.invoke(Method.java:498)
	at org.openqa.selenium.support.pagefactory.internal.LocatingElementHandler.invoke(LocatingElementHandler.java:51)
	at com.sun.proxy.$Proxy7.click(Unknown Source)
	at com.flipkart.pages.HomePage.logout(HomePage.java:64)
	at com.flipkart.tests.homePageTest.logoutTest(homePageTest.java:48)
	at sun.reflect.NativeMethodAccessorImpl.invoke0(Native Method)
	at sun.reflect.NativeMethodAccessorImpl.invoke(NativeMethodAccessorImpl.java:62)
	at sun.reflect.DelegatingMethodAccessorImpl.invoke(DelegatingMethodAccessorImpl.java:43)
	at java.lang.reflect.Method.invoke(Method.java:498)
	at org.testng.internal.MethodInvocationHelper.invokeMethod(MethodInvocationHelper.java:108)
	at org.testng.internal.Invoker.invokeMethod(Invoker.java:661)
	at org.testng.internal.Invoker.invokeTestMethod(Invoker.java:869)
	at org.testng.internal.Invoker.invokeTestMethods(Invoker.java:1193)
	at org.testng.internal.TestMethodWorker.invokeTestMethods(TestMethodWorker.java:126)
	at org.testng.internal.TestMethodWorker.run(TestMethodWorker.java:109)
	at org.testng.TestRunner.privateRun(TestRunner.java:744)
	at org.testng.TestRunner.run(TestRunner.java:602)
	at org.testng.SuiteRunner.runTest(SuiteRunner.java:380)
	at org.testng.SuiteRunner.runSequentially(SuiteRunner.java:375)
	at org.testng.SuiteRunner.privateRun(SuiteRunner.java:340)
	at org.testng.SuiteRunner.run(SuiteRunner.java:289)
	at org.testng.SuiteRunnerWorker.runSuite(SuiteRunnerWorker.java:52)
	at org.testng.SuiteRunnerWorker.run(SuiteRunnerWorker.java:86)
	at org.testng.TestNG.runSuitesSequentially(TestNG.java:1301)
	at org.testng.TestNG.runSuitesLocally(TestNG.java:1226)
	at org.testng.TestNG.runSuites(TestNG.java:1144)
	at org.testng.TestNG.run(TestNG.java:1115)
	at org.apache.maven.surefire.testng.TestNGExecutor.run(TestNGExecutor.java:283)
	at org.apache.maven.surefire.testng.TestNGXmlTestSuite.execute(TestNGXmlTestSuite.java:75)
	at org.apache.maven.surefire.testng.TestNGProvider.invoke(TestNGProvider.java:120)
	at org.apache.maven.surefire.booter.ForkedBooter.invokeProviderInSameClassLoader(ForkedBooter.java:373)
	at org.apache.maven.surefire.booter.ForkedBooter.runSuitesInProcess(ForkedBooter.java:334)
	at org.apache.maven.surefire.booter.ForkedBooter.execute(ForkedBooter.java:119)
	at org.apache.maven.surefire.booter.ForkedBooter.main(ForkedBooter.java:407)
]]>
            </full-stacktrace>
          </exception> <!-- org.openqa.selenium.StaleElementReferenceException -->
          <reporter-output>
          </reporter-output>
        </test-method> <!-- logoutTest -->
        <test-method status="PASS" signature="tearDown()[pri:0, instance:com.flipkart.tests.homePageTest@21bcffb5]" name="tearDown" is-config="true" duration-ms="81" started-at="2020-04-27T23:38:00Z" finished-at="2020-04-27T23:38:00Z">
          <reporter-output>
          </reporter-output>
        </test-method> <!-- tearDown -->
      </class> <!-- com.flipkart.tests.homePageTest -->
      <class name="com.flipkart.tests.loginPageTest">
        <test-method status="PASS" signature="setUp()[pri:0, instance:com.flipkart.tests.loginPageTest@5ebec15]" name="setUp" is-config="true" duration-ms="14808" started-at="2020-04-27T23:36:19Z" finished-at="2020-04-27T23:36:34Z">
          <reporter-output>
          </reporter-output>
        </test-method> <!-- setUp -->
        <test-method status="PASS" signature="loginTest()[pri:1, instance:com.flipkart.tests.loginPageTest@5ebec15]" name="loginTest" duration-ms="1056" started-at="2020-04-27T23:36:34Z" finished-at="2020-04-27T23:36:35Z">
          <reporter-output>
          </reporter-output>
        </test-method> <!-- loginTest -->
        <test-method status="PASS" signature="tearDown()[pri:0, instance:com.flipkart.tests.loginPageTest@5ebec15]" name="tearDown" is-config="true" duration-ms="163" started-at="2020-04-27T23:36:35Z" finished-at="2020-04-27T23:36:35Z">
          <reporter-output>
          </reporter-output>
        </test-method> <!-- tearDown -->
      </class> <!-- com.flipkart.tests.loginPageTest -->
    </test> <!-- Flipkart Tests -->
  </suite> <!-- Flipkart Test Suite -->
</testng-results>
