<?xml version="1.0" encoding="UTF-8"?>
<!-- Generated by org.testng.reporters.JUnitXMLReporter -->
<testsuite hostname="gaurav-Inspiron-3521" ignored="0" name="Flipkart Tests" tests="7" failures="0" timestamp="23 Apr 2020 15:58:57 GMT" time="225.486" errors="0">
  <testcase name="loginTest" time="1.761" classname="com.flipkart.tests.loginPageTest"/>
  <testcase name="homePageTitleTest" time="0.103" classname="com.flipkart.tests.homePageTest"/>
  <testcase name="clickOnProductTest" time="4.693" classname="com.flipkart.tests.SearchProductTest"/>
  <testcase name="addToCartTest" time="6.848" classname="com.flipkart.tests.AddtocartPageTest"/>
  <testcase name="removeProductTest" time="0.992" classname="com.flipkart.tests.ViewCartPageTest"/>
  <testcase name="searchProductTest" time="4.294" classname="com.flipkart.tests.homePageTest"/>
  <testcase name="logoutTest" time="5.861" classname="com.flipkart.tests.homePageTest"/>
</testsuite> <!-- Flipkart Tests -->
